Thu 12 01:53:15 [INFO] Danilo Madrigalejos performed Entry 1 on Batch 1.
Thu 12 01:53:37 [INFO] Danilo Madrigalejos requested another batch for ENTRY.
Thu 12 01:53:37 [INFO] Danilo Madrigalejos performed Entry 1 on Batch 2.
Thu 12 07:47:02 [INFO] Danilo Madrigalejos performed Entry 1 on Batch 1.
Thu 12 07:47:37 [INFO] Danilo Madrigalejos saved Batch ,  successfully.
Thu 12 07:47:46 [INFO] Danilo Madrigalejos performed Verify on Batch 1.
Thu 12 07:48:49 [INFO] Danilo Madrigalejos saved Batch ,  successfully.
Thu 12 07:54:09 [INFO] Danilo Madrigalejos performed Balancing on Batch 1.
Thu 12 07:58:01 [INFO] Danilo Madrigalejos performed Balancing on Batch 1.
Thu 12 07:59:35 [INFO] Danilo Madrigalejos performed Balancing on Batch 1.
Thu 12 08:04:27 [INFO] Danilo Madrigalejos performed Entry 1 on Batch 1.
Thu 12 08:05:07 [INFO] Danilo Madrigalejos requested another batch for ENTRY.
Thu 12 08:05:07 [INFO] Danilo Madrigalejos performed Entry 1 on Batch 2.
Thu 12 08:05:24 [INFO] Danilo Madrigalejos performed Entry 1 on Batch 1.
Thu 12 08:05:48 [INFO] Danilo Madrigalejos requested another batch for ENTRY.
Thu 12 08:05:48 [INFO] Danilo Madrigalejos performed Entry 1 on Batch 3.
Thu 12 08:07:23 [INFO] Danilo Madrigalejos performed Entry 1 on Batch 1.
Thu 12 08:07:32 [INFO] Danilo Madrigalejos requested another batch for ENTRY.
Thu 12 08:07:32 [INFO] Danilo Madrigalejos performed Entry 1 on Batch 4.
Thu 12 08:09:48 [INFO] Danilo Madrigalejos performed Entry 1 on Batch 4.
Thu 12 08:10:13 [INFO] Danilo Madrigalejos performed Entry 1 on Batch 1.
Thu 12 08:10:28 [INFO] Danilo Madrigalejos saved Batch ,  successfully.
Thu 12 08:10:31 [INFO] Danilo Madrigalejos performed Entry 1 on Batch 1.
Thu 12 08:10:35 [INFO] Danilo Madrigalejos saved Batch ,  successfully.
Thu 12 08:10:51 [INFO] Danilo Madrigalejos performed Verify on Batch 1.
Thu 12 08:11:49 [INFO] Danilo Madrigalejos saved Batch ,  successfully.
Thu 12 08:12:44 [INFO] Danilo Madrigalejos performed Balancing on Batch 1.
Thu 12 08:13:24 [INFO] Danilo Madrigalejos saved Batch ,  successfully.
Thu 12 08:16:50 [INFO] Danilo Madrigalejos performed Balancing on Batch 1.
Thu 12 08:21:47 [INFO] Danilo Madrigalejos performed Balancing on Batch 1.
Thu 12 08:22:13 [INFO] Danilo Madrigalejos performed Balancing on Batch 1.
Thu 12 08:29:14 [INFO] Danilo Madrigalejos performed Balancing on Batch 1.
Thu 12 08:31:11 [INFO] Danilo Madrigalejos performed Balancing on Batch 1.
Thu 12 08:42:47 [INFO] Danilo Madrigalejos performed Balancing on Batch 1.
Thu 12 08:43:08 [INFO] Danilo Madrigalejos performed Balancing on Batch 1.
Thu 12 08:43:14 [INFO] Danilo Madrigalejos performed Balancing on Batch 1.
Thu 12 08:43:29 [INFO] Danilo Madrigalejos performed Balancing on Batch 1.
Thu 12 08:43:37 [INFO] Danilo Madrigalejos performed Balancing on Batch 1.
Thu 12 08:43:58 [INFO] Danilo Madrigalejos performed Balancing on Batch 1.
Thu 12 08:44:03 [INFO] Danilo Madrigalejos performed Balancing on Batch 1.
Thu 12 08:44:43 [INFO] Danilo Madrigalejos performed Balancing on Batch 1.
Thu 12 08:45:21 [INFO] Danilo Madrigalejos performed Balancing on Batch 1.
Thu 12 08:47:10 [INFO] Danilo Madrigalejos performed Balancing on Batch 1.
Thu 12 08:47:33 [INFO] Danilo Madrigalejos performed Balancing on Batch 1.
Thu 12 08:50:58 [INFO] Danilo Madrigalejos performed Balancing on Batch 1.
Thu 12 08:51:14 [INFO] Danilo Madrigalejos performed Balancing on Batch 1.
Thu 12 08:51:33 [INFO] Danilo Madrigalejos performed Balancing on Batch 1.
Thu 12 08:52:01 [INFO] Danilo Madrigalejos performed Balancing on Batch 1.
Thu 12 08:52:21 [INFO] Danilo Madrigalejos performed Balancing on Batch 1.
Thu 12 08:52:54 [INFO] Danilo Madrigalejos performed Balancing on Batch 1.
Thu 12 08:53:37 [INFO] Danilo Madrigalejos performed Balancing on Batch 1.
Thu 12 08:53:50 [INFO] Danilo Madrigalejos performed Balancing on Batch 1.
Thu 12 08:54:08 [INFO] Danilo Madrigalejos performed Balancing on Batch 1.
Thu 12 08:54:49 [INFO] Danilo Madrigalejos performed Balancing on Batch 1.
Thu 12 08:56:01 [INFO] Danilo Madrigalejos performed Balancing on Batch 1.
Thu 12 08:56:22 [INFO] Danilo Madrigalejos performed Balancing on Batch 1.
Thu 12 08:58:50 [INFO] Danilo Madrigalejos performed Balancing on Batch 1.
Thu 12 08:59:11 [INFO] Danilo Madrigalejos performed Balancing on Batch 1.
Thu 12 08:59:20 [INFO] Danilo Madrigalejos performed Balancing on Batch 1.
Thu 12 08:59:40 [INFO] Danilo Madrigalejos performed Balancing on Batch 1.
Thu 12 08:59:55 [INFO] Danilo Madrigalejos performed Balancing on Batch 1.
Thu 12 09:00:23 [INFO] Danilo Madrigalejos performed Balancing on Batch 1.
Thu 12 09:02:08 [INFO] Danilo Madrigalejos performed Balancing on Batch 1.
Thu 12 09:02:38 [INFO] Danilo Madrigalejos performed Balancing on Batch 1.
Thu 12 09:02:51 [INFO] Danilo Madrigalejos performed Entry 1 on Batch 2.
Thu 12 09:03:10 [INFO] Danilo Madrigalejos saved Batch ,  successfully.
Thu 12 09:03:13 [INFO] Danilo Madrigalejos performed Entry 1 on Batch 2.
Thu 12 09:03:18 [INFO] Danilo Madrigalejos saved Batch ,  successfully.
Thu 12 09:04:07 [INFO] Danilo Madrigalejos performed Balancing on Batch 1.
Thu 12 09:04:33 [INFO] Danilo Madrigalejos saved Batch ,  successfully.
Thu 12 09:07:19 [INFO] Danilo Madrigalejos performed Balancing on Batch 1.
Thu 12 09:11:05 [INFO] Danilo Madrigalejos performed Balancing on Batch 1.
Thu 12 09:11:20 [INFO] Danilo Madrigalejos performed Balancing on Batch 1.
Thu 12 09:12:17 [INFO] Danilo Madrigalejos performed Balancing on Batch 1.
Thu 12 09:12:40 [INFO] Danilo Madrigalejos performed Balancing on Batch 1.
Thu 12 09:13:35 [INFO] Danilo Madrigalejos performed Balancing on Batch 1.
Thu 12 09:15:18 [INFO] Danilo Madrigalejos performed Balancing on Batch 1.
Thu 12 09:15:26 [INFO] Danilo Madrigalejos performed Balancing on Batch 1.
Thu 12 09:15:56 [INFO] Danilo Madrigalejos performed Balancing on Batch 1.
Thu 12 09:16:44 [INFO] Danilo Madrigalejos performed Balancing on Batch 1.
Thu 12 09:16:57 [INFO] Danilo Madrigalejos performed Balancing on Batch 1.
Thu 12 09:17:39 [INFO] Danilo Madrigalejos performed Balancing on Batch 1.
Thu 12 09:17:54 [INFO] Danilo Madrigalejos performed Balancing on Batch 1.
Thu 12 09:18:18 [INFO] Danilo Madrigalejos performed Balancing on Batch 1.
Thu 12 09:18:52 [INFO] Danilo Madrigalejos performed Balancing on Batch 1.
Thu 12 09:19:08 [INFO] Danilo Madrigalejos performed Balancing on Batch 1.
Thu 12 09:20:06 [INFO] Danilo Madrigalejos performed Balancing on Batch 1.
Thu 12 09:22:58 [INFO] Danilo Madrigalejos performed Entry 1 on Batch 1.
Thu 12 09:23:39 [INFO] Danilo Madrigalejos saved Batch ,  successfully.
Thu 12 09:23:44 [INFO] Danilo Madrigalejos performed Verify on Batch 1.
Thu 12 09:24:34 [INFO] Danilo Madrigalejos saved Batch ,  successfully.
Thu 12 09:24:55 [INFO] Danilo Madrigalejos performed Balancing on Batch 1.
Thu 12 09:25:07 [INFO] Danilo Madrigalejos saved Batch ,  successfully.
Thu 12 09:25:22 [INFO] Danilo Madrigalejos performed Balancing on Batch 1.
Thu 12 09:25:41 [INFO] Danilo Madrigalejos saved Batch ,  successfully.
Thu 12 09:25:54 [INFO] Danilo Madrigalejos performed Balancing on Batch 1.
Thu 12 09:26:58 [INFO] Danilo Madrigalejos performed Balancing on Batch 1.
Thu 12 09:27:13 [INFO] Danilo Madrigalejos performed Balancing on Batch 1.
Thu 12 09:27:23 [INFO] Danilo Madrigalejos saved Batch ,  successfully.
Thu 12 09:27:30 [INFO] Danilo Madrigalejos performed Balancing on Batch 1.
Thu 12 09:27:40 [INFO] Danilo Madrigalejos saved Batch ,  successfully.
Thu 12 09:27:54 [INFO] Danilo Madrigalejos performed Balancing on Batch 1.
Thu 12 09:28:02 [INFO] Danilo Madrigalejos requested another batch for VERIFY.
Thu 12 09:28:02 [INFO] Danilo Madrigalejos requested batch for BALANCING. No available batch found.
Thu 12 09:31:09 [INFO] Danilo Madrigalejos performed Entry 1 on Batch 2.
Thu 12 09:31:32 [INFO] Danilo Madrigalejos saved Batch ,  successfully.
Thu 12 09:31:37 [INFO] Danilo Madrigalejos performed Entry 1 on Batch 2.
Thu 12 09:34:30 [INFO] Danilo Madrigalejos saved Batch ,  successfully.
Thu 12 09:34:35 [INFO] Danilo Madrigalejos performed Verify on Batch 2.
Thu 12 09:53:34 [INFO] Danilo Madrigalejos performed Verify on Batch 2.
Thu 12 09:55:48 [INFO] Danilo Madrigalejos performed Entry 1 on Batch 1.
Thu 12 09:56:45 [INFO] Danilo Madrigalejos saved Batch ,  successfully.
Thu 12 09:56:47 [INFO] Danilo Madrigalejos performed Entry 1 on Batch 1.
Thu 12 09:56:54 [INFO] Danilo Madrigalejos saved Batch ,  successfully.
Thu 12 09:57:24 [INFO] Danilo Madrigalejos performed Entry 1 on Batch 1.
Thu 12 09:59:15 [INFO] Danilo Madrigalejos performed Entry 1 on Batch 1.
Thu 12 10:00:12 [INFO] Danilo Madrigalejos performed Entry 1 on Batch 1.
Thu 12 10:00:22 [INFO] Danilo Madrigalejos saved Batch ,  successfully.
Thu 12 10:00:59 [INFO] Danilo Madrigalejos performed Entry 1 on Batch 1.
Thu 12 10:01:21 [INFO] Danilo Madrigalejos saved Batch ,  successfully.
Thu 12 10:02:03 [INFO] Danilo Madrigalejos performed Entry 1 on Batch 1.
Thu 12 10:03:04 [INFO] Danilo Madrigalejos performed Entry 1 on Batch 1.
Thu 12 10:03:13 [INFO] Danilo Madrigalejos saved a batch successfully.
Thu 12 10:03:22 [INFO] Danilo Madrigalejos performed Entry 1 on Batch 1.
Thu 12 10:03:29 [INFO] Danilo Madrigalejos saved a batch successfully.
Thu 12 10:04:49 [INFO] Danilo Madrigalejos performed Entry 1 on Batch 1.
Thu 12 10:05:06 [INFO] Danilo Madrigalejos saved a batch successfully.
Thu 12 10:08:27 [INFO] Danilo Madrigalejos performed Entry 1 on Batch 1.
Thu 12 10:08:40 [INFO] Danilo Madrigalejos saved a batch successfully.
Thu 12 10:08:49 [INFO] Danilo Madrigalejos performed Entry 1 on Batch 1.
Thu 12 10:09:13 [INFO] Danilo Madrigalejos performed Entry 1 on Batch 1.
Thu 12 10:09:53 [INFO] Danilo Madrigalejos performed Entry 1 on Batch 1.
Thu 12 10:10:00 [INFO] Danilo Madrigalejos saved a batch successfully.
Thu 12 10:10:08 [INFO] Danilo Madrigalejos performed Verify on Batch 1.
Thu 12 10:10:39 [INFO] Danilo Madrigalejos saved a batch successfully.
Thu 12 10:10:46 [INFO] Danilo Madrigalejos performed Balancing on Batch 1.
Thu 12 10:11:55 [INFO] Danilo Madrigalejos saved a batch successfully.
Thu 12 10:12:14 [INFO] Danilo Madrigalejos performed Balancing on Batch 1.
Thu 12 10:12:32 [INFO] Danilo Madrigalejos saved a batch successfully.
Thu 12 10:12:37 [INFO] Danilo Madrigalejos performed Balancing on Batch 1.
Thu 12 10:12:42 [INFO] Danilo Madrigalejos saved a batch successfully.
