[Thu, 12 Apr 18 07:32:05 +0000][DEBUG] SELECT IF(COUNT(*) > 0, 1, 0) FROM `INFORMATION_SCHEMA`.`TABLES` WHERE `TABLE_NAME`= 'user' AND `TABLE_SCHEMA` = 'gpap'
[Thu, 12 Apr 18 07:32:05 +0000][DEBUG] DESCRIBE `gpap`.`user`
[Thu, 12 Apr 18 07:32:05 +0000][DEBUG] SELECT `user`.`userID`, `user`.`userName`, `user`.`userLastName`, `user`.`userFirstName`, `user`.`userMiddleName`, `user`.`userPassword`, `user`.`userLastLogin`, `user`.`userInvalidLoginAttempt`, `user`.`userLastPasswordChange`, `user`.`userEmail`, `user`.`userTeam`, `user`.`createStatus`, `user`.`createdBy` FROM `gpap`.`user` WHERE `user`.`userName` = :0 LIMIT :APL0
[Thu, 12 Apr 18 07:32:31 +0000][DEBUG] SELECT IF(COUNT(*) > 0, 1, 0) FROM `INFORMATION_SCHEMA`.`TABLES` WHERE `TABLE_NAME`= 'user_task' AND `TABLE_SCHEMA` = 'gpap'
[Thu, 12 Apr 18 07:32:31 +0000][DEBUG] DESCRIBE `gpap`.`user_task`
[Thu, 12 Apr 18 07:32:31 +0000][DEBUG] SELECT `user_task`.`id`, `user_task`.`user_id`, `user_task`.`task_id` FROM `gpap`.`user_task` WHERE `user_task`.`user_id` = 2
[Thu, 12 Apr 18 07:32:31 +0000][DEBUG] SELECT IF(COUNT(*) > 0, 1, 0) FROM `INFORMATION_SCHEMA`.`TABLES` WHERE `TABLE_NAME`= 'task' AND `TABLE_SCHEMA` = 'gpap'
[Thu, 12 Apr 18 07:32:31 +0000][DEBUG] DESCRIBE `gpap`.`task`
[Thu, 12 Apr 18 07:32:31 +0000][DEBUG] SELECT `task`.`id`, `task`.`name`, `task`.`description` FROM `gpap`.`task` WHERE `task`.`id` = :APR0 LIMIT :APL0
[Thu, 12 Apr 18 07:32:31 +0000][DEBUG] SELECT `task`.`id`, `task`.`name`, `task`.`description` FROM `gpap`.`task` WHERE `task`.`id` = :APR0 LIMIT :APL0
[Thu, 12 Apr 18 07:32:31 +0000][DEBUG] SELECT `task`.`id`, `task`.`name`, `task`.`description` FROM `gpap`.`task` WHERE `task`.`id` = :APR0 LIMIT :APL0
[Thu, 12 Apr 18 07:32:32 +0000][DEBUG] SELECT IF(COUNT(*) > 0, 1, 0) FROM `INFORMATION_SCHEMA`.`TABLES` WHERE `TABLE_NAME`= 'task' AND `TABLE_SCHEMA` = 'gpap'
[Thu, 12 Apr 18 07:32:32 +0000][DEBUG] DESCRIBE `gpap`.`task`
[Thu, 12 Apr 18 07:32:32 +0000][DEBUG] SELECT `task`.`id`, `task`.`name`, `task`.`description` FROM `gpap`.`task` WHERE `task`.`id` = 4 LIMIT :APL0
[Thu, 12 Apr 18 07:32:32 +0000][DEBUG] SELECT IF(COUNT(*) > 0, 1, 0) FROM `INFORMATION_SCHEMA`.`TABLES` WHERE `TABLE_NAME`= 'data_entry' AND `TABLE_SCHEMA` = 'gpap'
[Thu, 12 Apr 18 07:32:32 +0000][DEBUG] DESCRIBE `gpap`.`data_entry`
[Thu, 12 Apr 18 07:32:32 +0000][DEBUG] SELECT `data_entry`.`id`, `data_entry`.`user_id`, `data_entry`.`batch_id`, `data_entry`.`task_id`, `data_entry`.`started_at`, `data_entry`.`ended_at` FROM `gpap`.`data_entry` WHERE `data_entry`.`user_id` = 2 AND `data_entry`.`task_id` = 4 AND `data_entry`.`ended_at`  IS NULL ORDER BY `data_entry`.`started_at` DESC
[Thu, 12 Apr 18 07:32:32 +0000][DEBUG] SELECT IF(COUNT(*) > 0, 1, 0) FROM `INFORMATION_SCHEMA`.`TABLES` WHERE `TABLE_NAME`= 'batch' AND `TABLE_SCHEMA` = 'gpap'
[Thu, 12 Apr 18 07:32:32 +0000][DEBUG] DESCRIBE `gpap`.`batch`
[Thu, 12 Apr 18 07:32:32 +0000][DEBUG] SELECT COUNT(*) AS `rowcount` FROM `gpap`.`batch` WHERE `batch`.`entry_status`  IS NULL
[Thu, 12 Apr 18 11:27:03 +0000][DEBUG] SELECT DISTINCT userPassword, userID FROM user_prev_password 
[Thu, 12 Apr 18 11:27:26 +0000][DEBUG] SELECT DISTINCT userPassword, userID FROM user_prev_password 
[Thu, 12 Apr 18 11:29:31 +0000][DEBUG] SELECT IF(COUNT(*) > 0, 1, 0) FROM `INFORMATION_SCHEMA`.`TABLES` WHERE `TABLE_NAME`= 'user' AND `TABLE_SCHEMA` = 'gpap'
[Thu, 12 Apr 18 11:29:31 +0000][DEBUG] DESCRIBE `gpap`.`user`
[Thu, 12 Apr 18 11:29:31 +0000][DEBUG] SELECT `user`.`userID`, `user`.`userName`, `user`.`userLastName`, `user`.`userFirstName`, `user`.`userMiddleName`, `user`.`userPassword`, `user`.`userLastLogin`, `user`.`userInvalidLoginAttempt`, `user`.`userLastPasswordChange`, `user`.`userEmail`, `user`.`userTeam`, `user`.`createStatus`, `user`.`createdBy` FROM `gpap`.`user` WHERE `user`.`userName` = :0 LIMIT :APL0
[Thu, 12 Apr 18 11:29:34 +0000][DEBUG] SELECT IF(COUNT(*) > 0, 1, 0) FROM `INFORMATION_SCHEMA`.`TABLES` WHERE `TABLE_NAME`= 'user_task' AND `TABLE_SCHEMA` = 'gpap'
[Thu, 12 Apr 18 11:29:34 +0000][DEBUG] DESCRIBE `gpap`.`user_task`
[Thu, 12 Apr 18 11:29:34 +0000][DEBUG] SELECT `user_task`.`id`, `user_task`.`user_id`, `user_task`.`task_id` FROM `gpap`.`user_task` WHERE `user_task`.`user_id` = 2
[Thu, 12 Apr 18 11:29:34 +0000][DEBUG] SELECT IF(COUNT(*) > 0, 1, 0) FROM `INFORMATION_SCHEMA`.`TABLES` WHERE `TABLE_NAME`= 'task' AND `TABLE_SCHEMA` = 'gpap'
[Thu, 12 Apr 18 11:29:34 +0000][DEBUG] DESCRIBE `gpap`.`task`
[Thu, 12 Apr 18 11:29:34 +0000][DEBUG] SELECT `task`.`id`, `task`.`name`, `task`.`description` FROM `gpap`.`task` WHERE `task`.`id` = :APR0 LIMIT :APL0
[Thu, 12 Apr 18 11:29:34 +0000][DEBUG] SELECT `task`.`id`, `task`.`name`, `task`.`description` FROM `gpap`.`task` WHERE `task`.`id` = :APR0 LIMIT :APL0
[Thu, 12 Apr 18 11:29:34 +0000][DEBUG] SELECT `task`.`id`, `task`.`name`, `task`.`description` FROM `gpap`.`task` WHERE `task`.`id` = :APR0 LIMIT :APL0
[Thu, 12 Apr 18 11:29:34 +0000][DEBUG] SELECT IF(COUNT(*) > 0, 1, 0) FROM `INFORMATION_SCHEMA`.`TABLES` WHERE `TABLE_NAME`= 'task' AND `TABLE_SCHEMA` = 'gpap'
[Thu, 12 Apr 18 11:29:34 +0000][DEBUG] DESCRIBE `gpap`.`task`
[Thu, 12 Apr 18 11:29:34 +0000][DEBUG] SELECT `task`.`id`, `task`.`name`, `task`.`description` FROM `gpap`.`task` WHERE `task`.`id` = 4 LIMIT :APL0
[Thu, 12 Apr 18 11:29:34 +0000][DEBUG] SELECT IF(COUNT(*) > 0, 1, 0) FROM `INFORMATION_SCHEMA`.`TABLES` WHERE `TABLE_NAME`= 'data_entry' AND `TABLE_SCHEMA` = 'gpap'
[Thu, 12 Apr 18 11:29:34 +0000][DEBUG] DESCRIBE `gpap`.`data_entry`
[Thu, 12 Apr 18 11:29:34 +0000][DEBUG] SELECT `data_entry`.`id`, `data_entry`.`user_id`, `data_entry`.`batch_id`, `data_entry`.`task_id`, `data_entry`.`started_at`, `data_entry`.`ended_at` FROM `gpap`.`data_entry` WHERE `data_entry`.`user_id` = 2 AND `data_entry`.`task_id` = 4 AND `data_entry`.`ended_at`  IS NULL ORDER BY `data_entry`.`started_at` DESC
[Thu, 12 Apr 18 11:29:35 +0000][DEBUG] SELECT IF(COUNT(*) > 0, 1, 0) FROM `INFORMATION_SCHEMA`.`TABLES` WHERE `TABLE_NAME`= 'batch' AND `TABLE_SCHEMA` = 'gpap'
[Thu, 12 Apr 18 11:29:35 +0000][DEBUG] DESCRIBE `gpap`.`batch`
[Thu, 12 Apr 18 11:29:35 +0000][DEBUG] SELECT COUNT(*) AS `rowcount` FROM `gpap`.`batch` WHERE `batch`.`entry_status`  IS NULL
[Thu, 12 Apr 18 11:29:35 +0000][DEBUG] SELECT DISTINCT userPassword, userID FROM user_prev_password 
[Thu, 12 Apr 18 11:29:54 +0000][DEBUG] SELECT DISTINCT userPassword, userID FROM user_prev_password 
[Thu, 12 Apr 18 11:30:00 +0000][DEBUG] SELECT DISTINCT userPassword, userID FROM user_prev_password 
[Thu, 12 Apr 18 11:30:14 +0000][DEBUG] SELECT DISTINCT userPassword, userID FROM user_prev_password 
[Thu, 12 Apr 18 11:32:04 +0000][DEBUG] SELECT DISTINCT userPassword, userID FROM user_prev_password 
[Thu, 12 Apr 18 11:32:20 +0000][DEBUG] SELECT DISTINCT userPassword, userID FROM user_prev_password 
[Thu, 12 Apr 18 11:32:42 +0000][DEBUG] SELECT DISTINCT userPassword, userID FROM user_prev_password 
[Thu, 12 Apr 18 11:37:38 +0000][DEBUG] SELECT DISTINCT userPassword, userID FROM user_prev_password 
[Thu, 12 Apr 18 11:37:56 +0000][DEBUG] SELECT DISTINCT userPassword, userID FROM user_prev_password 
[Thu, 12 Apr 18 11:42:11 +0000][DEBUG] SELECT DISTINCT userPassword, userID FROM user_prev_password WHERE userID = ? AND userprevpasswordChange BETWEEN DATE_ADD(CURRENT_TIMESTAMP(), INTERVAL -6 MONTH) AND CURRENT_TIMESTAMP() UNION SELECT DISTINCT userPassword, userid FROM user WHERE userid = :userId2: 
[Thu, 12 Apr 18 11:50:42 +0000][DEBUG] SELECT DISTINCT userPassword, userID FROM user_prev_password WHERE userID = ? AND userprevpasswordChange BETWEEN DATE_ADD(CURRENT_TIMESTAMP(), INTERVAL -6 MONTH) AND CURRENT_TIMESTAMP() UNION SELECT DISTINCT userPassword, userid FROM user WHERE userID = ?
[Thu, 12 Apr 18 12:00:41 +0000][DEBUG] SELECT IF(COUNT(*) > 0, 1, 0) FROM `INFORMATION_SCHEMA`.`TABLES` WHERE `TABLE_NAME`= 'batch' AND `TABLE_SCHEMA` = 'gpap'
[Thu, 12 Apr 18 12:00:41 +0000][DEBUG] DESCRIBE `gpap`.`batch`
[Thu, 12 Apr 18 12:00:41 +0000][DEBUG] SELECT `batch`.`id`, `batch`.`zip_id`, `batch`.`trans_type_id`, `batch`.`entry_status`, `batch`.`verify_status`, `batch`.`balance_status`, `batch`.`is_exception`, `batch`.`created_by` FROM `gpap`.`batch` WHERE `batch`.`entry_status`  IS NULL
[Thu, 12 Apr 18 12:00:41 +0000][DEBUG] SELECT IF(COUNT(*) > 0, 1, 0) FROM `INFORMATION_SCHEMA`.`TABLES` WHERE `TABLE_NAME`= 'zip' AND `TABLE_SCHEMA` = 'gpap'
[Thu, 12 Apr 18 12:00:41 +0000][DEBUG] DESCRIBE `gpap`.`zip`
[Thu, 12 Apr 18 12:00:41 +0000][DEBUG] SELECT `zip`.`id`, `zip`.`region_code`, `zip`.`rec_date`, `zip`.`operator_id`, `zip`.`sequence`, `zip`.`created_by` FROM `gpap`.`zip` WHERE `zip`.`id` = :APR0 LIMIT :APL0
[Thu, 12 Apr 18 12:00:41 +0000][DEBUG] SELECT IF(COUNT(*) > 0, 1, 0) FROM `INFORMATION_SCHEMA`.`TABLES` WHERE `TABLE_NAME`= 'transaction_type' AND `TABLE_SCHEMA` = 'gpap'
[Thu, 12 Apr 18 12:00:41 +0000][DEBUG] DESCRIBE `gpap`.`transaction_type`
[Thu, 12 Apr 18 12:00:41 +0000][DEBUG] SELECT `transaction_type`.`id`, `transaction_type`.`type`, `transaction_type`.`description`, `transaction_type`.`created_by` FROM `gpap`.`transaction_type` WHERE `transaction_type`.`id` = :APR0 LIMIT :APL0
[Thu, 12 Apr 18 12:00:41 +0000][DEBUG] SELECT `zip`.`id`, `zip`.`region_code`, `zip`.`rec_date`, `zip`.`operator_id`, `zip`.`sequence`, `zip`.`created_by` FROM `gpap`.`zip` WHERE `zip`.`id` = :APR0 LIMIT :APL0
[Thu, 12 Apr 18 12:00:41 +0000][DEBUG] SELECT `transaction_type`.`id`, `transaction_type`.`type`, `transaction_type`.`description`, `transaction_type`.`created_by` FROM `gpap`.`transaction_type` WHERE `transaction_type`.`id` = :APR0 LIMIT :APL0
[Thu, 12 Apr 18 12:00:41 +0000][DEBUG] SELECT `zip`.`id`, `zip`.`region_code`, `zip`.`rec_date`, `zip`.`operator_id`, `zip`.`sequence`, `zip`.`created_by` FROM `gpap`.`zip` WHERE `zip`.`id` = :APR0 LIMIT :APL0
[Thu, 12 Apr 18 12:00:41 +0000][DEBUG] SELECT `transaction_type`.`id`, `transaction_type`.`type`, `transaction_type`.`description`, `transaction_type`.`created_by` FROM `gpap`.`transaction_type` WHERE `transaction_type`.`id` = :APR0 LIMIT :APL0
[Thu, 12 Apr 18 12:00:41 +0000][DEBUG] SELECT `zip`.`id`, `zip`.`region_code`, `zip`.`rec_date`, `zip`.`operator_id`, `zip`.`sequence`, `zip`.`created_by` FROM `gpap`.`zip` WHERE `zip`.`id` = :APR0 LIMIT :APL0
[Thu, 12 Apr 18 12:00:41 +0000][DEBUG] SELECT `transaction_type`.`id`, `transaction_type`.`type`, `transaction_type`.`description`, `transaction_type`.`created_by` FROM `gpap`.`transaction_type` WHERE `transaction_type`.`id` = :APR0 LIMIT :APL0
[Thu, 12 Apr 18 12:00:41 +0000][DEBUG] SELECT `zip`.`id`, `zip`.`region_code`, `zip`.`rec_date`, `zip`.`operator_id`, `zip`.`sequence`, `zip`.`created_by` FROM `gpap`.`zip` WHERE `zip`.`id` = :APR0 LIMIT :APL0
[Thu, 12 Apr 18 12:00:41 +0000][DEBUG] SELECT `transaction_type`.`id`, `transaction_type`.`type`, `transaction_type`.`description`, `transaction_type`.`created_by` FROM `gpap`.`transaction_type` WHERE `transaction_type`.`id` = :APR0 LIMIT :APL0
[Thu, 12 Apr 18 12:00:41 +0000][DEBUG] SELECT `zip`.`id`, `zip`.`region_code`, `zip`.`rec_date`, `zip`.`operator_id`, `zip`.`sequence`, `zip`.`created_by` FROM `gpap`.`zip` WHERE `zip`.`id` = :APR0 LIMIT :APL0
[Thu, 12 Apr 18 12:00:41 +0000][DEBUG] SELECT `transaction_type`.`id`, `transaction_type`.`type`, `transaction_type`.`description`, `transaction_type`.`created_by` FROM `gpap`.`transaction_type` WHERE `transaction_type`.`id` = :APR0 LIMIT :APL0
[Thu, 12 Apr 18 12:00:41 +0000][DEBUG] SELECT `zip`.`id`, `zip`.`region_code`, `zip`.`rec_date`, `zip`.`operator_id`, `zip`.`sequence`, `zip`.`created_by` FROM `gpap`.`zip` WHERE `zip`.`id` = :APR0 LIMIT :APL0
[Thu, 12 Apr 18 12:00:41 +0000][DEBUG] SELECT `transaction_type`.`id`, `transaction_type`.`type`, `transaction_type`.`description`, `transaction_type`.`created_by` FROM `gpap`.`transaction_type` WHERE `transaction_type`.`id` = :APR0 LIMIT :APL0
[Thu, 12 Apr 18 12:00:41 +0000][DEBUG] SELECT `zip`.`id`, `zip`.`region_code`, `zip`.`rec_date`, `zip`.`operator_id`, `zip`.`sequence`, `zip`.`created_by` FROM `gpap`.`zip` WHERE `zip`.`id` = :APR0 LIMIT :APL0
[Thu, 12 Apr 18 12:00:41 +0000][DEBUG] SELECT `transaction_type`.`id`, `transaction_type`.`type`, `transaction_type`.`description`, `transaction_type`.`created_by` FROM `gpap`.`transaction_type` WHERE `transaction_type`.`id` = :APR0 LIMIT :APL0
[Thu, 12 Apr 18 12:00:41 +0000][DEBUG] SELECT `zip`.`id`, `zip`.`region_code`, `zip`.`rec_date`, `zip`.`operator_id`, `zip`.`sequence`, `zip`.`created_by` FROM `gpap`.`zip` WHERE `zip`.`id` = :APR0 LIMIT :APL0
[Thu, 12 Apr 18 12:00:41 +0000][DEBUG] SELECT `transaction_type`.`id`, `transaction_type`.`type`, `transaction_type`.`description`, `transaction_type`.`created_by` FROM `gpap`.`transaction_type` WHERE `transaction_type`.`id` = :APR0 LIMIT :APL0
[Thu, 12 Apr 18 12:00:41 +0000][DEBUG] SELECT `zip`.`id`, `zip`.`region_code`, `zip`.`rec_date`, `zip`.`operator_id`, `zip`.`sequence`, `zip`.`created_by` FROM `gpap`.`zip` WHERE `zip`.`id` = :APR0 LIMIT :APL0
[Thu, 12 Apr 18 12:00:41 +0000][DEBUG] SELECT `transaction_type`.`id`, `transaction_type`.`type`, `transaction_type`.`description`, `transaction_type`.`created_by` FROM `gpap`.`transaction_type` WHERE `transaction_type`.`id` = :APR0 LIMIT :APL0
[Thu, 12 Apr 18 12:00:41 +0000][DEBUG] SELECT `zip`.`id`, `zip`.`region_code`, `zip`.`rec_date`, `zip`.`operator_id`, `zip`.`sequence`, `zip`.`created_by` FROM `gpap`.`zip` WHERE `zip`.`id` = :APR0 LIMIT :APL0
[Thu, 12 Apr 18 12:00:41 +0000][DEBUG] SELECT `transaction_type`.`id`, `transaction_type`.`type`, `transaction_type`.`description`, `transaction_type`.`created_by` FROM `gpap`.`transaction_type` WHERE `transaction_type`.`id` = :APR0 LIMIT :APL0
[Thu, 12 Apr 18 12:00:41 +0000][DEBUG] SELECT `zip`.`id`, `zip`.`region_code`, `zip`.`rec_date`, `zip`.`operator_id`, `zip`.`sequence`, `zip`.`created_by` FROM `gpap`.`zip` WHERE `zip`.`id` = :APR0 LIMIT :APL0
[Thu, 12 Apr 18 12:00:41 +0000][DEBUG] SELECT `transaction_type`.`id`, `transaction_type`.`type`, `transaction_type`.`description`, `transaction_type`.`created_by` FROM `gpap`.`transaction_type` WHERE `transaction_type`.`id` = :APR0 LIMIT :APL0
[Thu, 12 Apr 18 12:00:41 +0000][DEBUG] SELECT `zip`.`id`, `zip`.`region_code`, `zip`.`rec_date`, `zip`.`operator_id`, `zip`.`sequence`, `zip`.`created_by` FROM `gpap`.`zip` WHERE `zip`.`id` = :APR0 LIMIT :APL0
[Thu, 12 Apr 18 12:00:41 +0000][DEBUG] SELECT `transaction_type`.`id`, `transaction_type`.`type`, `transaction_type`.`description`, `transaction_type`.`created_by` FROM `gpap`.`transaction_type` WHERE `transaction_type`.`id` = :APR0 LIMIT :APL0
[Thu, 12 Apr 18 12:00:41 +0000][DEBUG] SELECT `zip`.`id`, `zip`.`region_code`, `zip`.`rec_date`, `zip`.`operator_id`, `zip`.`sequence`, `zip`.`created_by` FROM `gpap`.`zip` WHERE `zip`.`id` = :APR0 LIMIT :APL0
[Thu, 12 Apr 18 12:00:41 +0000][DEBUG] SELECT `transaction_type`.`id`, `transaction_type`.`type`, `transaction_type`.`description`, `transaction_type`.`created_by` FROM `gpap`.`transaction_type` WHERE `transaction_type`.`id` = :APR0 LIMIT :APL0
[Thu, 12 Apr 18 12:00:41 +0000][DEBUG] SELECT `zip`.`id`, `zip`.`region_code`, `zip`.`rec_date`, `zip`.`operator_id`, `zip`.`sequence`, `zip`.`created_by` FROM `gpap`.`zip` WHERE `zip`.`id` = :APR0 LIMIT :APL0
[Thu, 12 Apr 18 12:00:41 +0000][DEBUG] SELECT `transaction_type`.`id`, `transaction_type`.`type`, `transaction_type`.`description`, `transaction_type`.`created_by` FROM `gpap`.`transaction_type` WHERE `transaction_type`.`id` = :APR0 LIMIT :APL0
[Thu, 12 Apr 18 12:00:41 +0000][DEBUG] SELECT `zip`.`id`, `zip`.`region_code`, `zip`.`rec_date`, `zip`.`operator_id`, `zip`.`sequence`, `zip`.`created_by` FROM `gpap`.`zip` WHERE `zip`.`id` = :APR0 LIMIT :APL0
[Thu, 12 Apr 18 12:00:41 +0000][DEBUG] SELECT `transaction_type`.`id`, `transaction_type`.`type`, `transaction_type`.`description`, `transaction_type`.`created_by` FROM `gpap`.`transaction_type` WHERE `transaction_type`.`id` = :APR0 LIMIT :APL0
[Thu, 12 Apr 18 12:00:41 +0000][DEBUG] SELECT `zip`.`id`, `zip`.`region_code`, `zip`.`rec_date`, `zip`.`operator_id`, `zip`.`sequence`, `zip`.`created_by` FROM `gpap`.`zip` WHERE `zip`.`id` = :APR0 LIMIT :APL0
[Thu, 12 Apr 18 12:00:41 +0000][DEBUG] SELECT `transaction_type`.`id`, `transaction_type`.`type`, `transaction_type`.`description`, `transaction_type`.`created_by` FROM `gpap`.`transaction_type` WHERE `transaction_type`.`id` = :APR0 LIMIT :APL0
[Thu, 12 Apr 18 12:00:41 +0000][DEBUG] SELECT `zip`.`id`, `zip`.`region_code`, `zip`.`rec_date`, `zip`.`operator_id`, `zip`.`sequence`, `zip`.`created_by` FROM `gpap`.`zip` WHERE `zip`.`id` = :APR0 LIMIT :APL0
[Thu, 12 Apr 18 12:00:41 +0000][DEBUG] SELECT `transaction_type`.`id`, `transaction_type`.`type`, `transaction_type`.`description`, `transaction_type`.`created_by` FROM `gpap`.`transaction_type` WHERE `transaction_type`.`id` = :APR0 LIMIT :APL0
[Thu, 12 Apr 18 12:00:41 +0000][DEBUG] SELECT `zip`.`id`, `zip`.`region_code`, `zip`.`rec_date`, `zip`.`operator_id`, `zip`.`sequence`, `zip`.`created_by` FROM `gpap`.`zip` WHERE `zip`.`id` = :APR0 LIMIT :APL0
[Thu, 12 Apr 18 12:00:41 +0000][DEBUG] SELECT `transaction_type`.`id`, `transaction_type`.`type`, `transaction_type`.`description`, `transaction_type`.`created_by` FROM `gpap`.`transaction_type` WHERE `transaction_type`.`id` = :APR0 LIMIT :APL0
[Thu, 12 Apr 18 12:00:41 +0000][DEBUG] SELECT `zip`.`id`, `zip`.`region_code`, `zip`.`rec_date`, `zip`.`operator_id`, `zip`.`sequence`, `zip`.`created_by` FROM `gpap`.`zip` WHERE `zip`.`id` = :APR0 LIMIT :APL0
[Thu, 12 Apr 18 12:00:41 +0000][DEBUG] SELECT `transaction_type`.`id`, `transaction_type`.`type`, `transaction_type`.`description`, `transaction_type`.`created_by` FROM `gpap`.`transaction_type` WHERE `transaction_type`.`id` = :APR0 LIMIT :APL0
[Thu, 12 Apr 18 12:00:44 +0000][DEBUG] SELECT IF(COUNT(*) > 0, 1, 0) FROM `INFORMATION_SCHEMA`.`TABLES` WHERE `TABLE_NAME`= 'batch' AND `TABLE_SCHEMA` = 'gpap'
[Thu, 12 Apr 18 12:00:44 +0000][DEBUG] DESCRIBE `gpap`.`batch`
[Thu, 12 Apr 18 12:00:44 +0000][DEBUG] SELECT `batch`.`id`, `batch`.`zip_id`, `batch`.`trans_type_id`, `batch`.`entry_status`, `batch`.`verify_status`, `batch`.`balance_status`, `batch`.`is_exception`, `batch`.`created_by` FROM `gpap`.`batch` WHERE `batch`.`id` = :0 LIMIT :APL0
[Thu, 12 Apr 18 12:00:44 +0000][DEBUG] SELECT IF(COUNT(*) > 0, 1, 0) FROM `INFORMATION_SCHEMA`.`TABLES` WHERE `TABLE_NAME`= 'task' AND `TABLE_SCHEMA` = 'gpap'
[Thu, 12 Apr 18 12:00:44 +0000][DEBUG] DESCRIBE `gpap`.`task`
[Thu, 12 Apr 18 12:00:44 +0000][DEBUG] SELECT `task`.`id`, `task`.`name`, `task`.`description` FROM `gpap`.`task` WHERE `task`.`id` = 4 LIMIT :APL0
[Thu, 12 Apr 18 12:00:44 +0000][DEBUG] SELECT IF(COUNT(*) > 0, 1, 0) FROM `INFORMATION_SCHEMA`.`TABLES` WHERE `TABLE_NAME`= 'data_entry' AND `TABLE_SCHEMA` = 'gpap'
[Thu, 12 Apr 18 12:00:44 +0000][DEBUG] DESCRIBE `gpap`.`data_entry`
[Thu, 12 Apr 18 12:00:44 +0000][DEBUG] SELECT `data_entry`.`id`, `data_entry`.`user_id`, `data_entry`.`batch_id`, `data_entry`.`task_id`, `data_entry`.`started_at`, `data_entry`.`ended_at` FROM `gpap`.`data_entry` WHERE `data_entry`.`user_id` = 2 AND `data_entry`.`batch_id` = 2 AND `data_entry`.`task_id` = 4 AND `data_entry`.`ended_at`  IS NULL LIMIT :APL0
[Thu, 12 Apr 18 12:00:44 +0000][DEBUG] SELECT COUNT(*) "rowcount" FROM `gpap`.`data_entry` WHERE `id` = ? AND `user_id` = ? AND `batch_id` = ? AND `task_id` = ?
[Thu, 12 Apr 18 12:00:44 +0000][DEBUG] INSERT INTO `gpap`.`data_entry` (`user_id`, `batch_id`, `task_id`, `started_at`, `ended_at`) VALUES (?, ?, ?, DEFAULT, DEFAULT)
[Thu, 12 Apr 18 12:00:44 +0000][DEBUG] UPDATE `gpap`.`batch` SET `entry_status` = ?, `verify_status` = null, `balance_status` = null, `is_exception` = ?, `created_by` = ? WHERE `id` = ? AND `zip_id` = ? AND `trans_type_id` = ?
[Thu, 12 Apr 18 12:00:44 +0000][DEBUG] SELECT IF(COUNT(*) > 0, 1, 0) FROM `INFORMATION_SCHEMA`.`TABLES` WHERE `TABLE_NAME`= 'zip' AND `TABLE_SCHEMA` = 'gpap'
[Thu, 12 Apr 18 12:00:44 +0000][DEBUG] DESCRIBE `gpap`.`zip`
[Thu, 12 Apr 18 12:00:44 +0000][DEBUG] SELECT `zip`.`id`, `zip`.`region_code`, `zip`.`rec_date`, `zip`.`operator_id`, `zip`.`sequence`, `zip`.`created_by` FROM `gpap`.`zip` WHERE `zip`.`id` = :APR0 LIMIT :APL0
[Thu, 12 Apr 18 12:00:44 +0000][DEBUG] SELECT IF(COUNT(*) > 0, 1, 0) FROM `INFORMATION_SCHEMA`.`TABLES` WHERE `TABLE_NAME`= 'transaction_type' AND `TABLE_SCHEMA` = 'gpap'
[Thu, 12 Apr 18 12:00:44 +0000][DEBUG] DESCRIBE `gpap`.`transaction_type`
[Thu, 12 Apr 18 12:00:44 +0000][DEBUG] SELECT `transaction_type`.`id`, `transaction_type`.`type`, `transaction_type`.`description`, `transaction_type`.`created_by` FROM `gpap`.`transaction_type` WHERE `transaction_type`.`id` = :APR0 LIMIT :APL0
[Thu, 12 Apr 18 12:00:46 +0000][DEBUG] SELECT IF(COUNT(*) > 0, 1, 0) FROM `INFORMATION_SCHEMA`.`TABLES` WHERE `TABLE_NAME`= 'image' AND `TABLE_SCHEMA` = 'gpap'
[Thu, 12 Apr 18 12:00:46 +0000][DEBUG] DESCRIBE `gpap`.`image`
[Thu, 12 Apr 18 12:00:46 +0000][DEBUG] SELECT `image`.`id`, `image`.`path`, `image`.`type`, `image`.`zip_id`, `image`.`trans_type_id`, `image`.`batch_id`, `image`.`is_start`, `image`.`is_completed`, `image`.`created_by` FROM `gpap`.`image` WHERE `image`.`batch_id` = 2
[Thu, 12 Apr 18 12:00:47 +0000][DEBUG] SELECT IF(COUNT(*) > 0, 1, 0) FROM `INFORMATION_SCHEMA`.`TABLES` WHERE `TABLE_NAME`= 'pull_reason' AND `TABLE_SCHEMA` = 'gpap'
[Thu, 12 Apr 18 12:00:47 +0000][DEBUG] DESCRIBE `gpap`.`pull_reason`
[Thu, 12 Apr 18 12:00:47 +0000][DEBUG] SELECT `pull_reason`.`id`, `pull_reason`.`title`, `pull_reason`.`reason`, `pull_reason`.`level` FROM `gpap`.`pull_reason` WHERE `pull_reason`.`level` = 'Slip'
[Thu, 12 Apr 18 12:00:47 +0000][DEBUG] SELECT IF(COUNT(*) > 0, 1, 0) FROM `INFORMATION_SCHEMA`.`TABLES` WHERE `TABLE_NAME`= 'installment_months' AND `TABLE_SCHEMA` = 'gpap'
[Thu, 12 Apr 18 12:00:47 +0000][DEBUG] DESCRIBE `gpap`.`installment_months`
[Thu, 12 Apr 18 12:00:47 +0000][DEBUG] SELECT `installment_months`.`id`, `installment_months`.`title` FROM `gpap`.`installment_months`
[Thu, 12 Apr 18 12:00:47 +0000][DEBUG] SELECT IF(COUNT(*) > 0, 1, 0) FROM `INFORMATION_SCHEMA`.`TABLES` WHERE `TABLE_NAME`= 'merchant_header' AND `TABLE_SCHEMA` = 'gpap'
[Thu, 12 Apr 18 12:00:47 +0000][DEBUG] DESCRIBE `gpap`.`merchant_header`
[Thu, 12 Apr 18 12:00:47 +0000][DEBUG] SELECT `merchant_header`.`id`, `merchant_header`.`data_entry_id`, `merchant_header`.`batch_id`, `merchant_header`.`merchant_number`, `merchant_header`.`merchant_name`, `merchant_header`.`currency_id`, `merchant_header`.`other_currency`, `merchant_header`.`dcn`, `merchant_header`.`deposit_date`, `merchant_header`.`deposit_amount`, `merchant_header`.`batch_pull_reason_id` FROM `gpap`.`merchant_header` WHERE `merchant_header`.`data_entry_id` = 4 AND `merchant_header`.`batch_id` = 2 LIMIT :APL0
[Thu, 12 Apr 18 12:00:47 +0000][DEBUG] SELECT IF(COUNT(*) > 0, 1, 0) FROM `INFORMATION_SCHEMA`.`TABLES` WHERE `TABLE_NAME`= 'other_exception' AND `TABLE_SCHEMA` = 'gpap'
[Thu, 12 Apr 18 12:00:47 +0000][DEBUG] DESCRIBE `gpap`.`other_exception`
[Thu, 12 Apr 18 12:00:47 +0000][DEBUG] SELECT `other_exception`.`id`, `other_exception`.`title` FROM `gpap`.`other_exception`
[Thu, 12 Apr 18 12:00:47 +0000][DEBUG] SELECT IF(COUNT(*) > 0, 1, 0) FROM `INFORMATION_SCHEMA`.`TABLES` WHERE `TABLE_NAME`= 'pull_reason' AND `TABLE_SCHEMA` = 'gpap'
[Thu, 12 Apr 18 12:00:47 +0000][DEBUG] DESCRIBE `gpap`.`pull_reason`
[Thu, 12 Apr 18 12:00:47 +0000][DEBUG] SELECT `pull_reason`.`id`, `pull_reason`.`title`, `pull_reason`.`reason`, `pull_reason`.`level` FROM `gpap`.`pull_reason` WHERE `pull_reason`.`level` = 'Batch'
[Thu, 12 Apr 18 12:07:15 +0000][DEBUG] SELECT DISTINCT userPassword, userID FROM user_prev_password WHERE userID = ? AND userprevpasswordChange BETWEEN DATE_ADD(CURRENT_TIMESTAMP(), INTERVAL -6 MONTH) AND CURRENT_TIMESTAMP() UNION SELECT DISTINCT userPassword, userid FROM user WHERE userID = ?
[Thu, 12 Apr 18 12:07:57 +0000][DEBUG] SELECT DISTINCT userPassword, userID FROM user_prev_password WHERE userID = ? AND userprevpasswordChange BETWEEN DATE_ADD(CURRENT_TIMESTAMP(), INTERVAL -6 MONTH) AND CURRENT_TIMESTAMP() UNION SELECT DISTINCT userPassword, userid FROM user WHERE userID = ?
[Thu, 12 Apr 18 12:08:13 +0000][DEBUG] SELECT DISTINCT userPassword, userID FROM user_prev_password WHERE userID = ? AND userprevpasswordChange BETWEEN DATE_ADD(CURRENT_TIMESTAMP(), INTERVAL -6 MONTH) AND CURRENT_TIMESTAMP() UNION SELECT DISTINCT userPassword, userid FROM user WHERE userID = ?
[Thu, 12 Apr 18 12:08:37 +0000][DEBUG] SELECT DISTINCT userPassword, userID FROM user_prev_password WHERE userID = ? AND userprevpasswordChange BETWEEN DATE_ADD(CURRENT_TIMESTAMP(), INTERVAL -6 MONTH) AND CURRENT_TIMESTAMP() UNION SELECT DISTINCT userPassword, userid FROM user WHERE userID = ?
[Thu, 12 Apr 18 12:09:31 +0000][DEBUG] SELECT DISTINCT userPassword, userID FROM user_prev_password WHERE userID = ? AND userprevpasswordChange BETWEEN DATE_ADD(CURRENT_TIMESTAMP(), INTERVAL -6 MONTH) AND CURRENT_TIMESTAMP() UNION SELECT DISTINCT userPassword, userid FROM user WHERE userID = ?
[Thu, 12 Apr 18 12:09:31 +0000][DEBUG] SELECT IF(COUNT(*) > 0, 1, 0) FROM `INFORMATION_SCHEMA`.`TABLES` WHERE `TABLE_NAME`= 'user_prev_password' AND `TABLE_SCHEMA` = 'gpap'
[Thu, 12 Apr 18 12:09:31 +0000][DEBUG] DESCRIBE `gpap`.`user_prev_password`
[Thu, 12 Apr 18 12:28:35 +0000][DEBUG] SELECT DISTINCT userPassword, userID FROM user_prev_password WHERE userID = ? AND userprevpasswordChange BETWEEN DATE_ADD(CURRENT_TIMESTAMP(), INTERVAL -6 MONTH) AND CURRENT_TIMESTAMP() UNION SELECT DISTINCT userPassword, userid FROM user WHERE userID = ?
[Thu, 12 Apr 18 12:28:35 +0000][DEBUG] SELECT IF(COUNT(*) > 0, 1, 0) FROM `INFORMATION_SCHEMA`.`TABLES` WHERE `TABLE_NAME`= 'user_prev_password' AND `TABLE_SCHEMA` = 'gpap'
[Thu, 12 Apr 18 12:28:35 +0000][DEBUG] DESCRIBE `gpap`.`user_prev_password`
[Thu, 12 Apr 18 12:37:06 +0000][DEBUG] SELECT COUNT(userid) FROM `user` WHERE DATEDIFF(now(),userlastpasswordchange) = 0 AND userID = ?
[Thu, 12 Apr 18 12:37:59 +0000][DEBUG] SELECT COUNT(userid) FROM `user` WHERE DATEDIFF(now(),userlastpasswordchange) = 0 AND userid = ?
[Thu, 12 Apr 18 12:38:20 +0000][DEBUG] SELECT COUNT(userid) FROM `user` WHERE DATEDIFF(now(),userlastpasswordchange) = 0 AND userid = ?
[Thu, 12 Apr 18 12:41:25 +0000][DEBUG] SELECT COUNT(userid) FROM `user` WHERE DATEDIFF(now(),userlastpasswordchange) = 0 AND userid = ?
[Thu, 12 Apr 18 12:41:35 +0000][DEBUG] SELECT COUNT(userid) FROM `user` WHERE DATEDIFF(now(),userlastpasswordchange) = 0 AND userid = ?
[Thu, 12 Apr 18 12:42:11 +0000][DEBUG] SELECT COUNT(userid) FROM `user` WHERE DATEDIFF(now(),userlastpasswordchange) = 0 AND userid = ?
[Thu, 12 Apr 18 12:42:14 +0000][DEBUG] SELECT COUNT(userid) FROM `user` WHERE DATEDIFF(now(),userlastpasswordchange) = 0 AND userid = ?
[Thu, 12 Apr 18 13:36:58 +0000][DEBUG] SELECT DISTINCT userPassword, userID FROM user_prev_password WHERE userID = ? AND userprevpasswordChange BETWEEN DATE_ADD(CURRENT_TIMESTAMP(), INTERVAL -6 MONTH) AND CURRENT_TIMESTAMP() UNION SELECT DISTINCT userPassword, userid FROM user WHERE userID = ?
[Thu, 12 Apr 18 13:42:44 +0000][DEBUG] SELECT DISTINCT userPassword, userID FROM user_prev_password WHERE userID = ? AND userprevpasswordChange BETWEEN DATE_ADD(CURRENT_TIMESTAMP(), INTERVAL -6 MONTH) AND CURRENT_TIMESTAMP() UNION SELECT DISTINCT userPassword, userid FROM user WHERE userID = ?
[Thu, 12 Apr 18 13:42:44 +0000][DEBUG] SELECT IF(COUNT(*) > 0, 1, 0) FROM `INFORMATION_SCHEMA`.`TABLES` WHERE `TABLE_NAME`= 'user_prev_password' AND `TABLE_SCHEMA` = 'gpap'
[Thu, 12 Apr 18 13:42:44 +0000][DEBUG] DESCRIBE `gpap`.`user_prev_password`
[Thu, 12 Apr 18 13:43:17 +0000][DEBUG] SELECT COUNT(userid) FROM `user` WHERE DATEDIFF(now(),userlastpasswordchange) = 0 AND userid = ?
[Thu, 12 Apr 18 13:44:45 +0000][DEBUG] SELECT COUNT(userid) FROM `user` WHERE DATEDIFF(now(),userlastpasswordchange) = 0 AND userid = ?
[Thu, 12 Apr 18 13:48:26 +0000][DEBUG] SELECT COUNT(userid) FROM `user` WHERE DATEDIFF(now(),userlastpasswordchange) = 0 AND userid = ?
[Thu, 12 Apr 18 14:05:05 +0000][DEBUG] SELECT COUNT(userid) FROM `user` WHERE DATEDIFF(now(),userlastpasswordchange) = 0 AND userid = ?
[Thu, 12 Apr 18 14:09:45 +0000][DEBUG] SELECT COUNT(userid) FROM `user` WHERE DATEDIFF(now(),userlastpasswordchange) = 0 AND userid = ?
