Wed 16 09:05:33 [INFO] Danilo Madrigalejos logged in using IP: ::1 with SESSION ID: c1tdad5ql0g6cggmh4nnj5kfu6.
Wed 16 09:05:33 [INFO] Danilo Madrigalejos @ Home page.
Wed 16 09:06:35 [INFO] Danilo Madrigalejos @ Edits page.
Wed 16 09:07:23 [INFO] Danilo Madrigalejos logged in using IP: ::1 with SESSION ID: 1inaks0scg51god3cag2jrt7c4.
Wed 16 09:07:24 [INFO] Danilo Madrigalejos @ Home page.
Wed 16 09:07:42 [INFO] Danilo Madrigalejos @ Edits page.
Wed 16 09:07:55 [INFO] Danilo Madrigalejos @ Home page.
Wed 16 09:08:13 [INFO] Danilo Madrigalejos @ Edits page.
Wed 16 09:08:18 [INFO] Danilo Madrigalejos @ Home page.
Wed 16 09:10:30 [INFO] Danilo Madrigalejos @ Edits page.
Wed 16 09:10:37 [INFO] Danilo Madrigalejos @ Home page.
Wed 16 09:10:48 [INFO] Danilo Madrigalejos @ Edits page.
Wed 16 09:10:53 [INFO] Danilo Madrigalejos @ Home page.
Wed 16 09:11:28 [INFO] Rommel Villanueva logged in using IP: ::1 with SESSION ID: jkacfjofiobpm7k1l806rchrn5.
Wed 16 09:11:29 [INFO] Rommel Villanueva @ Home page.
Wed 16 09:11:48 [INFO] Rommel Villanueva @ Edits page.
Wed 16 09:12:04 [INFO] Danilo Madrigalejos @ Edits page.
Wed 16 09:20:40 [INFO] Danilo Madrigalejos @ Home page.
Wed 16 09:21:15 [INFO] Rommel Villanueva logged in using IP: ::1 with SESSION ID: 1inaks0scg51god3cag2jrt7c4.
Wed 16 09:21:15 [INFO] Rommel Villanueva @ Home page.
Wed 16 09:21:33 [INFO] Danilo Madrigalejos logged in using IP: ::1 with SESSION ID: 1inaks0scg51god3cag2jrt7c4.
Wed 16 09:21:33 [INFO] Danilo Madrigalejos @ Home page.
Wed 16 09:21:56 [INFO] Rommel Villanueva logged in using IP: ::1 with SESSION ID: 1inaks0scg51god3cag2jrt7c4.
Wed 16 09:21:56 [INFO] Rommel Villanueva @ Home page.
Wed 16 09:22:38 [INFO] Danilo Madrigalejos logged in using IP: ::1 with SESSION ID: 1inaks0scg51god3cag2jrt7c4.
Wed 16 09:22:38 [INFO] Danilo Madrigalejos @ Home page.
Wed 16 09:24:14 [INFO] Danilo Madrigalejos @ Data Entry page.
Wed 16 09:38:48 [INFO] Danilo Madrigalejos @ Home page.
Wed 16 09:46:04 [INFO] Danilo Madrigalejos @ Data Entry page.
Wed 16 09:56:25 [INFO] Danilo Madrigalejos @ Home page.
Wed 16 09:57:20 [INFO] Danilo Madrigalejos logged in using IP: ::1 with SESSION ID: 1inaks0scg51god3cag2jrt7c4.
Wed 16 09:57:21 [INFO] Danilo Madrigalejos @ Home page.
Wed 16 09:57:25 [INFO] Danilo Madrigalejos @ Data Entry page.
Wed 16 10:16:14 [INFO] Danilo Madrigalejos logged in using IP: ::1 with SESSION ID: r0bgo2r0nfbnhom4t2lgmd15l7.
Wed 16 10:16:14 [INFO] Danilo Madrigalejos @ Home page.
Wed 16 10:16:36 [INFO] Danilo Madrigalejos @ Data Entry page.
Wed 16 10:17:06 [INFO] Danilo Madrigalejos @ Data Entry page.
Wed 16 10:17:17 [INFO] Danilo Madrigalejos @ Home page.
Wed 16 10:17:27 [INFO] Danilo Madrigalejos @ Home page.
Wed 16 10:17:37 [INFO] Danilo Madrigalejos @ Home page.
Wed 16 10:17:47 [INFO] Danilo Madrigalejos @ Home page.
Wed 16 10:17:57 [INFO] Danilo Madrigalejos @ Home page.
Wed 16 10:18:07 [INFO] Danilo Madrigalejos @ Home page.
Wed 16 10:18:17 [INFO] Danilo Madrigalejos @ Home page.
Wed 16 10:18:27 [INFO] Danilo Madrigalejos @ Home page.
Wed 16 10:18:37 [INFO] Danilo Madrigalejos @ Home page.
Wed 16 10:18:47 [INFO] Danilo Madrigalejos @ Home page.
Wed 16 10:18:57 [INFO] Danilo Madrigalejos @ Home page.
Wed 16 10:19:07 [INFO] Danilo Madrigalejos @ Home page.
Wed 16 10:19:17 [INFO] Danilo Madrigalejos @ Home page.
Wed 16 10:19:27 [INFO] Danilo Madrigalejos @ Home page.
Wed 16 10:19:29 [INFO] Danilo Madrigalejos @ Home page.
Wed 16 10:21:37 [INFO] Danilo Madrigalejos @ Edits page.
Wed 16 10:21:42 [INFO] Danilo Madrigalejos @ Home page.
Wed 16 10:25:46 [INFO] Danilo Madrigalejos @ Edits page.
Wed 16 10:25:48 [INFO] Danilo Madrigalejos @ Home page.
